# JRE version: OpenJDK Runtime Environment (8.0_112-b06) (build 1.8.0_112-release-b06)
# Java VM: OpenJDK 64-Bit Server VM (25.112-b06 mixed mode windows-amd64 compressed oops)
Heap:
 PSYoungGen      total 448000K, used 399887K [0x00000000e0000000, 0x0000000100000000, 0x0000000100000000)
  eden space 424448K, 91% used [0x00000000e0000000,0x00000000f7a3f0b0,0x00000000f9e80000)
  from space 23552K, 53% used [0x00000000f9e80000,0x00000000faac4ce0,0x00000000fb580000)
  to   space 22528K, 0% used [0x00000000fea00000,0x00000000fea00000,0x0000000100000000)
 ParOldGen       total 162304K, used 60757K [0x00000000a0000000, 0x00000000a9e80000, 0x00000000e0000000)
  object space 162304K, 37% used [0x00000000a0000000,0x00000000a3b55770,0x00000000a9e80000)
 Metaspace       used 78008K, capacity 83712K, committed 83968K, reserved 1122304K
  class space    used 10161K, capacity 10997K, committed 11008K, reserved 1048576K
GC Heap History (10 events):
Event: 5760.955 GC heap before
{Heap before GC invocations=18 (full 3):
 PSYoungGen      total 251904K, used 231273K [0x00000000e0000000, 0x00000000f3180000, 0x0000000100000000)
  eden space 225792K, 100% used [0x00000000e0000000,0x00000000edc80000,0x00000000edc80000)
  from space 26112K, 20% used [0x00000000ef600000,0x00000000efb5a608,0x00000000f0f80000)
  to   space 26112K, 0% used [0x00000000edc80000,0x00000000edc80000,0x00000000ef600000)
 ParOldGen       total 162304K, used 42701K [0x00000000a0000000, 0x00000000a9e80000, 0x00000000e0000000)
  object space 162304K, 26% used [0x00000000a0000000,0x00000000a29b35f0,0x00000000a9e80000)
 Metaspace       used 65432K, capacity 68386K, committed 68480K, reserved 1107968K
  class space    used 8735K, capacity 9328K, committed 9344K, reserved 1048576K
Event: 5760.967 GC heap after
Heap after GC invocations=18 (full 3):
 PSYoungGen      total 251904K, used 12335K [0x00000000e0000000, 0x00000000f7b00000, 0x0000000100000000)
  eden space 225792K, 0% used [0x00000000e0000000,0x00000000e0000000,0x00000000edc80000)
  from space 26112K, 47% used [0x00000000edc80000,0x00000000ee88be60,0x00000000ef600000)
  to   space 24576K, 0% used [0x00000000f6300000,0x00000000f6300000,0x00000000f7b00000)
 ParOldGen       total 162304K, used 42709K [0x00000000a0000000, 0x00000000a9e80000, 0x00000000e0000000)
  object space 162304K, 26% used [0x00000000a0000000,0x00000000a29b55f0,0x00000000a9e80000)
 Metaspace       used 65432K, capacity 68386K, committed 68480K, reserved 1107968K
  class space    used 8735K, capacity 9328K, committed 9344K, reserved 1048576K
}
Event: 5990.677 GC heap before
{Heap before GC invocations=19 (full 3):
 PSYoungGen      total 251904K, used 238127K [0x00000000e0000000, 0x00000000f7b00000, 0x0000000100000000)
  eden space 225792K, 100% used [0x00000000e0000000,0x00000000edc80000,0x00000000edc80000)
  from space 26112K, 47% used [0x00000000edc80000,0x00000000ee88be60,0x00000000ef600000)
  to   space 24576K, 0% used [0x00000000f6300000,0x00000000f6300000,0x00000000f7b00000)
 ParOldGen       total 162304K, used 42709K [0x00000000a0000000, 0x00000000a9e80000, 0x00000000e0000000)
  object space 162304K, 26% used [0x00000000a0000000,0x00000000a29b55f0,0x00000000a9e80000)
 Metaspace       used 69219K, capacity 72666K, committed 72832K, reserved 1112064K
  class space    used 9124K, capacity 9772K, committed 9856K, reserved 1048576K
Event: 5990.693 GC heap after
Heap after GC invocations=19 (full 3):
 PSYoungGen      total 351232K, used 13193K [0x00000000e0000000, 0x00000000f7480000, 0x0000000100000000)
  eden space 333312K, 0% used [0x00000000e0000000,0x00000000e0000000,0x00000000f4580000)
  from space 17920K, 73% used [0x00000000f6300000,0x00000000f6fe26b0,0x00000000f7480000)
  to   space 24064K, 0% used [0x00000000f4580000,0x00000000f4580000,0x00000000f5d00000)
 ParOldGen       total 162304K, used 47029K [0x00000000a0000000, 0x00000000a9e80000, 0x00000000e0000000)
  object space 162304K, 28% used [0x00000000a0000000,0x00000000a2ded4a0,0x00000000a9e80000)
 Metaspace       used 69219K, capacity 72666K, committed 72832K, reserved 1112064K
  class space    used 9124K, capacity 9772K, committed 9856K, reserved 1048576K
}
Event: 6306.660 GC heap before
{Heap before GC invocations=20 (full 3):
 PSYoungGen      total 351232K, used 346505K [0x00000000e0000000, 0x00000000f7480000, 0x0000000100000000)
  eden space 333312K, 100% used [0x00000000e0000000,0x00000000f4580000,0x00000000f4580000)
  from space 17920K, 73% used [0x00000000f6300000,0x00000000f6fe26b0,0x00000000f7480000)
  to   space 24064K, 0% used [0x00000000f4580000,0x00000000f4580000,0x00000000f5d00000)
 ParOldGen       total 162304K, used 47029K [0x00000000a0000000, 0x00000000a9e80000, 0x00000000e0000000)
  object space 162304K, 28% used [0x00000000a0000000,0x00000000a2ded4a0,0x00000000a9e80000)
 Metaspace       used 72781K, capacity 76712K, committed 76800K, reserved 1116160K
  class space    used 9573K, capacity 10211K, committed 10240K, reserved 1048576K
Event: 6306.675 GC heap after
Heap after GC invocations=20 (full 3):
 PSYoungGen      total 357376K, used 7056K [0x00000000e0000000, 0x00000000fd400000, 0x0000000100000000)
  eden space 333312K, 0% used [0x00000000e0000000,0x00000000e0000000,0x00000000f4580000)
  from space 24064K, 29% used [0x00000000f4580000,0x00000000f4c640f0,0x00000000f5d00000)
  to   space 23552K, 0% used [0x00000000fbd00000,0x00000000fbd00000,0x00000000fd400000)
 ParOldGen       total 162304K, used 56108K [0x00000000a0000000, 0x00000000a9e80000, 0x00000000e0000000)
  object space 162304K, 34% used [0x00000000a0000000,0x00000000a36cb100,0x00000000a9e80000)
 Metaspace       used 72781K, capacity 76712K, committed 76800K, reserved 1116160K
  class space    used 9573K, capacity 10211K, committed 10240K, reserved 1048576K
}
Event: 6409.296 GC heap before
{Heap before GC invocations=21 (full 3):
 PSYoungGen      total 357376K, used 340368K [0x00000000e0000000, 0x00000000fd400000, 0x0000000100000000)
  eden space 333312K, 100% used [0x00000000e0000000,0x00000000f4580000,0x00000000f4580000)
  from space 24064K, 29% used [0x00000000f4580000,0x00000000f4c640f0,0x00000000f5d00000)
  to   space 23552K, 0% used [0x00000000fbd00000,0x00000000fbd00000,0x00000000fd400000)
 ParOldGen       total 162304K, used 56108K [0x00000000a0000000, 0x00000000a9e80000, 0x00000000e0000000)
  object space 162304K, 34% used [0x00000000a0000000,0x00000000a36cb100,0x00000000a9e80000)
 Metaspace       used 73946K, capacity 78884K, committed 79104K, reserved 1118208K
  class space    used 9743K, capacity 10483K, committed 10496K, reserved 1048576K
Event: 6409.312 GC heap after
Heap after GC invocations=21 (full 3):
 PSYoungGen      total 440320K, used 6834K [0x00000000e0000000, 0x00000000fcc80000, 0x0000000100000000)
  eden space 424448K, 0% used [0x00000000e0000000,0x00000000e0000000,0x00000000f9e80000)
  from space 15872K, 43% used [0x00000000fbd00000,0x00000000fc3acaf0,0x00000000fcc80000)
  to   space 23552K, 0% used [0x00000000f9e80000,0x00000000f9e80000,0x00000000fb580000)
 ParOldGen       total 162304K, used 59305K [0x00000000a0000000, 0x00000000a9e80000, 0x00000000e0000000)
  object space 162304K, 36% used [0x00000000a0000000,0x00000000a39ea720,0x00000000a9e80000)
 Metaspace       used 73946K, capacity 78884K, committed 79104K, reserved 1118208K
  class space    used 9743K, capacity 10483K, committed 10496K, reserved 1048576K
}
Event: 6617.897 GC heap before
{Heap before GC invocations=22 (full 3):
 PSYoungGen      total 440320K, used 431282K [0x00000000e0000000, 0x00000000fcc80000, 0x0000000100000000)
  eden space 424448K, 100% used [0x00000000e0000000,0x00000000f9e80000,0x00000000f9e80000)
  from space 15872K, 43% used [0x00000000fbd00000,0x00000000fc3acaf0,0x00000000fcc80000)
  to   space 23552K, 0% used [0x00000000f9e80000,0x00000000f9e80000,0x00000000fb580000)
 ParOldGen       total 162304K, used 59305K [0x00000000a0000000, 0x00000000a9e80000, 0x00000000e0000000)
  object space 162304K, 36% used [0x00000000a0000000,0x00000000a39ea720,0x00000000a9e80000)
 Metaspace       used 76656K, capacity 82192K, committed 82432K, reserved 1120256K
  class space    used 10040K, capacity 10889K, committed 11008K, reserved 1048576K
Event: 6617.911 GC heap after
Heap after GC invocations=22 (full 3):
 PSYoungGen      total 448000K, used 12563K [0x00000000e0000000, 0x0000000100000000, 0x0000000100000000)
  eden space 424448K, 0% used [0x00000000e0000000,0x00000000e0000000,0x00000000f9e80000)
  from space 23552K, 53% used [0x00000000f9e80000,0x00000000faac4ce0,0x00000000fb580000)
  to   space 22528K, 0% used [0x00000000fea00000,0x00000000fea00000,0x0000000100000000)
 ParOldGen       total 162304K, used 60757K [0x00000000a0000000, 0x00000000a9e80000, 0x00000000e0000000)
  object space 162304K, 37% used [0x00000000a0000000,0x00000000a3b55770,0x00000000a9e80000)
 Metaspace       used 76656K, capacity 82192K, committed 82432K, reserved 1120256K
  class space    used 10040K, capacity 10889K, committed 11008K, reserved 1048576K
}

