# JRE version: OpenJDK Runtime Environment (8.0_112-b06) (build 1.8.0_112-release-b06)
# Java VM: OpenJDK 64-Bit Server VM (25.112-b06 mixed mode windows-amd64 compressed oops)
Heap:
 PSYoungGen      total 331264K, used 238597K [0x00000000e0000000, 0x00000000f7900000, 0x0000000100000000)
  eden space 301056K, 72% used [0x00000000e0000000,0x00000000ed527368,0x00000000f2600000)
  from space 30208K, 67% used [0x00000000f5b80000,0x00000000f6f5a220,0x00000000f7900000)
  to   space 42496K, 0% used [0x00000000f2600000,0x00000000f2600000,0x00000000f4f80000)
 ParOldGen       total 215552K, used 146371K [0x00000000a0000000, 0x00000000ad280000, 0x00000000e0000000)
  object space 215552K, 67% used [0x00000000a0000000,0x00000000a8ef0d60,0x00000000ad280000)
 Metaspace       used 73756K, capacity 79986K, committed 80128K, reserved 1120256K
  class space    used 9197K, capacity 9938K, committed 9984K, reserved 1048576K
GC Heap History (10 events):
Event: 4297.370 GC heap before
{Heap before GC invocations=31 (full 3):
 PSYoungGen      total 373248K, used 373069K [0x00000000e0000000, 0x00000000fc200000, 0x0000000100000000)
  eden space 364544K, 100% used [0x00000000e0000000,0x00000000f6400000,0x00000000f6400000)
  from space 8704K, 97% used [0x00000000f7280000,0x00000000f7ad37d0,0x00000000f7b00000)
  to   space 48128K, 0% used [0x00000000f9300000,0x00000000f9300000,0x00000000fc200000)
 ParOldGen       total 215552K, used 146331K [0x00000000a0000000, 0x00000000ad280000, 0x00000000e0000000)
  object space 215552K, 67% used [0x00000000a0000000,0x00000000a8ee6d60,0x00000000ad280000)
 Metaspace       used 72585K, capacity 78198K, committed 78464K, reserved 1118208K
  class space    used 9087K, capacity 9834K, committed 9856K, reserved 1048576K
Event: 4297.385 GC heap after
Heap after GC invocations=31 (full 3):
 PSYoungGen      total 379904K, used 13712K [0x00000000e0000000, 0x00000000faf80000, 0x0000000100000000)
  eden space 350720K, 0% used [0x00000000e0000000,0x00000000e0000000,0x00000000f5680000)
  from space 29184K, 46% used [0x00000000f9300000,0x00000000fa0640b8,0x00000000faf80000)
  to   space 45568K, 0% used [0x00000000f5680000,0x00000000f5680000,0x00000000f8300000)
 ParOldGen       total 215552K, used 146339K [0x00000000a0000000, 0x00000000ad280000, 0x00000000e0000000)
  object space 215552K, 67% used [0x00000000a0000000,0x00000000a8ee8d60,0x00000000ad280000)
 Metaspace       used 72585K, capacity 78198K, committed 78464K, reserved 1118208K
  class space    used 9087K, capacity 9834K, committed 9856K, reserved 1048576K
}
Event: 5659.381 GC heap before
{Heap before GC invocations=32 (full 3):
 PSYoungGen      total 379904K, used 364432K [0x00000000e0000000, 0x00000000faf80000, 0x0000000100000000)
  eden space 350720K, 100% used [0x00000000e0000000,0x00000000f5680000,0x00000000f5680000)
  from space 29184K, 46% used [0x00000000f9300000,0x00000000fa0640b8,0x00000000faf80000)
  to   space 45568K, 0% used [0x00000000f5680000,0x00000000f5680000,0x00000000f8300000)
 ParOldGen       total 215552K, used 146339K [0x00000000a0000000, 0x00000000ad280000, 0x00000000e0000000)
  object space 215552K, 67% used [0x00000000a0000000,0x00000000a8ee8d60,0x00000000ad280000)
 Metaspace       used 72886K, capacity 78650K, committed 78720K, reserved 1118208K
  class space    used 9110K, capacity 9854K, committed 9856K, reserved 1048576K
Event: 5659.405 GC heap after
Heap after GC invocations=32 (full 3):
 PSYoungGen      total 365056K, used 27511K [0x00000000e0000000, 0x00000000fa580000, 0x0000000100000000)
  eden space 337408K, 0% used [0x00000000e0000000,0x00000000e0000000,0x00000000f4980000)
  from space 27648K, 99% used [0x00000000f5680000,0x00000000f715de40,0x00000000f7180000)
  to   space 47104K, 0% used [0x00000000f7780000,0x00000000f7780000,0x00000000fa580000)
 ParOldGen       total 215552K, used 146347K [0x00000000a0000000, 0x00000000ad280000, 0x00000000e0000000)
  object space 215552K, 67% used [0x00000000a0000000,0x00000000a8eead60,0x00000000ad280000)
 Metaspace       used 72886K, capacity 78650K, committed 78720K, reserved 1118208K
  class space    used 9110K, capacity 9854K, committed 9856K, reserved 1048576K
}
Event: 5785.008 GC heap before
{Heap before GC invocations=33 (full 3):
 PSYoungGen      total 365056K, used 364919K [0x00000000e0000000, 0x00000000fa580000, 0x0000000100000000)
  eden space 337408K, 100% used [0x00000000e0000000,0x00000000f4980000,0x00000000f4980000)
  from space 27648K, 99% used [0x00000000f5680000,0x00000000f715de40,0x00000000f7180000)
  to   space 47104K, 0% used [0x00000000f7780000,0x00000000f7780000,0x00000000fa580000)
 ParOldGen       total 215552K, used 146347K [0x00000000a0000000, 0x00000000ad280000, 0x00000000e0000000)
  object space 215552K, 67% used [0x00000000a0000000,0x00000000a8eead60,0x00000000ad280000)
 Metaspace       used 73121K, capacity 79054K, committed 79360K, reserved 1118208K
  class space    used 9137K, capacity 9882K, committed 9984K, reserved 1048576K
Event: 5785.021 GC heap after
Heap after GC invocations=33 (full 3):
 PSYoungGen      total 355840K, used 8308K [0x00000000e0000000, 0x00000000f9600000, 0x0000000100000000)
  eden space 324608K, 0% used [0x00000000e0000000,0x00000000e0000000,0x00000000f3d00000)
  from space 31232K, 26% used [0x00000000f7780000,0x00000000f7f9d2c8,0x00000000f9600000)
  to   space 45568K, 0% used [0x00000000f3d00000,0x00000000f3d00000,0x00000000f6980000)
 ParOldGen       total 215552K, used 146355K [0x00000000a0000000, 0x00000000ad280000, 0x00000000e0000000)
  object space 215552K, 67% used [0x00000000a0000000,0x00000000a8eecd60,0x00000000ad280000)
 Metaspace       used 73121K, capacity 79054K, committed 79360K, reserved 1118208K
  class space    used 9137K, capacity 9882K, committed 9984K, reserved 1048576K
}
Event: 5990.811 GC heap before
{Heap before GC invocations=34 (full 3):
 PSYoungGen      total 355840K, used 332916K [0x00000000e0000000, 0x00000000f9600000, 0x0000000100000000)
  eden space 324608K, 100% used [0x00000000e0000000,0x00000000f3d00000,0x00000000f3d00000)
  from space 31232K, 26% used [0x00000000f7780000,0x00000000f7f9d2c8,0x00000000f9600000)
  to   space 45568K, 0% used [0x00000000f3d00000,0x00000000f3d00000,0x00000000f6980000)
 ParOldGen       total 215552K, used 146355K [0x00000000a0000000, 0x00000000ad280000, 0x00000000e0000000)
  object space 215552K, 67% used [0x00000000a0000000,0x00000000a8eecd60,0x00000000ad280000)
 Metaspace       used 73386K, capacity 79438K, committed 79616K, reserved 1118208K
  class space    used 9162K, capacity 9902K, committed 9984K, reserved 1048576K
Event: 5990.824 GC heap after
Heap after GC invocations=34 (full 3):
 PSYoungGen      total 322048K, used 9471K [0x00000000e0000000, 0x00000000f8600000, 0x0000000100000000)
  eden space 312320K, 0% used [0x00000000e0000000,0x00000000e0000000,0x00000000f3100000)
  from space 9728K, 97% used [0x00000000f3d00000,0x00000000f463ff00,0x00000000f4680000)
  to   space 43520K, 0% used [0x00000000f5b80000,0x00000000f5b80000,0x00000000f8600000)
 ParOldGen       total 215552K, used 146363K [0x00000000a0000000, 0x00000000ad280000, 0x00000000e0000000)
  object space 215552K, 67% used [0x00000000a0000000,0x00000000a8eeed60,0x00000000ad280000)
 Metaspace       used 73386K, capacity 79438K, committed 79616K, reserved 1118208K
  class space    used 9162K, capacity 9902K, committed 9984K, reserved 1048576K
}
Event: 6119.880 GC heap before
{Heap before GC invocations=35 (full 3):
 PSYoungGen      total 322048K, used 321791K [0x00000000e0000000, 0x00000000f8600000, 0x0000000100000000)
  eden space 312320K, 100% used [0x00000000e0000000,0x00000000f3100000,0x00000000f3100000)
  from space 9728K, 97% used [0x00000000f3d00000,0x00000000f463ff00,0x00000000f4680000)
  to   space 43520K, 0% used [0x00000000f5b80000,0x00000000f5b80000,0x00000000f8600000)
 ParOldGen       total 215552K, used 146363K [0x00000000a0000000, 0x00000000ad280000, 0x00000000e0000000)
  object space 215552K, 67% used [0x00000000a0000000,0x00000000a8eeed60,0x00000000ad280000)
 Metaspace       used 73587K, capacity 79674K, committed 79872K, reserved 1120256K
  class space    used 9178K, capacity 9918K, committed 9984K, reserved 1048576K
Event: 6119.909 GC heap after
Heap after GC invocations=35 (full 3):
 PSYoungGen      total 331264K, used 20328K [0x00000000e0000000, 0x00000000f7900000, 0x0000000100000000)
  eden space 301056K, 0% used [0x00000000e0000000,0x00000000e0000000,0x00000000f2600000)
  from space 30208K, 67% used [0x00000000f5b80000,0x00000000f6f5a220,0x00000000f7900000)
  to   space 42496K, 0% used [0x00000000f2600000,0x00000000f2600000,0x00000000f4f80000)
 ParOldGen       total 215552K, used 146371K [0x00000000a0000000, 0x00000000ad280000, 0x00000000e0000000)
  object space 215552K, 67% used [0x00000000a0000000,0x00000000a8ef0d60,0x00000000ad280000)
 Metaspace       used 73587K, capacity 79674K, committed 79872K, reserved 1120256K
  class space    used 9178K, capacity 9918K, committed 9984K, reserved 1048576K
}

